2023-09-15 12:08:49.502 +02:00 [Information] User profile is available. Using '"/Users/haddelalshahabi/.aspnet/DataProtection-Keys"' as key repository; keys will not be encrypted at rest.
2023-09-15 12:08:49.710 +02:00 [Information] Now listening on: "https://localhost:7250"
2023-09-15 12:08:49.711 +02:00 [Information] Now listening on: "http://localhost:5022"
2023-09-15 12:08:49.715 +02:00 [Information] Application started. Press Ctrl+C to shut down.
2023-09-15 12:08:49.716 +02:00 [Information] Hosting environment: "Development"
2023-09-15 12:08:49.717 +02:00 [Information] Content root path: "/Users/haddelalshahabi/WebapplikasjonerProjects/MyShop/MyShop"
2023-09-15 12:08:50.879 +02:00 [Information] Request starting HTTP/1.1 GET https://localhost:7250/ - -
2023-09-15 12:08:50.899 +02:00 [Information] Executing endpoint '"MyShop.Controllers.HomeController.Index (MyShop)"'
2023-09-15 12:08:50.904 +02:00 [Information] Route matched with "{action = \"Index\", controller = \"Home\"}". Executing controller action with signature "Microsoft.AspNetCore.Mvc.IActionResult Index()" on controller "MyShop.Controllers.HomeController" ("MyShop").
2023-09-15 12:08:50.909 +02:00 [Information] Executing ViewResult, running view "Index".
2023-09-15 12:08:50.944 +02:00 [Information] Executed ViewResult - view "Index" executed in 36.3281ms.
2023-09-15 12:08:50.945 +02:00 [Information] Executed action "MyShop.Controllers.HomeController.Index (MyShop)" in 40.9335ms
2023-09-15 12:08:50.945 +02:00 [Information] Executed endpoint '"MyShop.Controllers.HomeController.Index (MyShop)"'
2023-09-15 12:08:50.948 +02:00 [Information] Request finished HTTP/1.1 GET https://localhost:7250/ - - - 200 - text/html;+charset=utf-8 69.0373ms
2023-09-15 12:08:50.974 +02:00 [Information] Request starting HTTP/1.1 GET https://localhost:7250/lib/jquery-validation-unobtrusive/jquery.validate.unobtrusive.js - -
2023-09-15 12:08:50.997 +02:00 [Information] Request starting HTTP/1.1 GET https://localhost:7250/lib/jquery-validate/jquery.validate.js - -
2023-09-15 12:08:51.012 +02:00 [Information] Sending file. Request path: '"/lib/jquery-validate/jquery.validate.js"'. Physical path: '"/Users/haddelalshahabi/WebapplikasjonerProjects/MyShop/MyShop/wwwroot/lib/jquery-validate/jquery.validate.js"'
2023-09-15 12:08:51.012 +02:00 [Information] Sending file. Request path: '"/lib/jquery-validation-unobtrusive/jquery.validate.unobtrusive.js"'. Physical path: '"/Users/haddelalshahabi/WebapplikasjonerProjects/MyShop/MyShop/wwwroot/lib/jquery-validation-unobtrusive/jquery.validate.unobtrusive.js"'
2023-09-15 12:08:51.013 +02:00 [Information] Request finished HTTP/1.1 GET https://localhost:7250/lib/jquery-validate/jquery.validate.js - - - 200 51171 text/javascript 16.1565ms
2023-09-15 12:08:51.013 +02:00 [Information] Request finished HTTP/1.1 GET https://localhost:7250/lib/jquery-validation-unobtrusive/jquery.validate.unobtrusive.js - - - 200 19820 text/javascript 38.8141ms
2023-09-15 12:08:54.325 +02:00 [Information] Request starting HTTP/1.1 GET https://localhost:7250/Item/Table - -
2023-09-15 12:08:54.328 +02:00 [Information] Executing endpoint '"MyShop.Controllers.ItemController.Table (MyShop)"'
2023-09-15 12:08:54.334 +02:00 [Information] Route matched with "{action = \"Table\", controller = \"Item\"}". Executing controller action with signature "System.Threading.Tasks.Task`1[Microsoft.AspNetCore.Mvc.IActionResult] Table()" on controller "MyShop.Controllers.ItemController" ("MyShop").
2023-09-15 12:08:54.398 +02:00 [Information] Executing ViewResult, running view "Table".
2023-09-15 12:08:54.405 +02:00 [Information] Executed ViewResult - view "Table" executed in 8.2337ms.
2023-09-15 12:08:54.405 +02:00 [Information] Executed action "MyShop.Controllers.ItemController.Table (MyShop)" in 71.499ms
2023-09-15 12:08:54.405 +02:00 [Information] Executed endpoint '"MyShop.Controllers.ItemController.Table (MyShop)"'
2023-09-15 12:08:54.408 +02:00 [Information] Request finished HTTP/1.1 GET https://localhost:7250/Item/Table - - - 200 - text/html;+charset=utf-8 82.6232ms
2023-09-15 12:08:54.414 +02:00 [Information] Request starting HTTP/1.1 GET https://localhost:7250/lib/jquery-validation-unobtrusive/jquery.validate.unobtrusive.js - -
2023-09-15 12:08:54.423 +02:00 [Information] The file "/lib/jquery-validation-unobtrusive/jquery.validate.unobtrusive.js" was not modified
2023-09-15 12:08:54.423 +02:00 [Information] Request finished HTTP/1.1 GET https://localhost:7250/lib/jquery-validation-unobtrusive/jquery.validate.unobtrusive.js - - - 304 - text/javascript 9.6478ms
2023-09-15 12:08:57.588 +02:00 [Information] Request starting HTTP/1.1 GET https://localhost:7250/Item/Create - -
2023-09-15 12:08:57.591 +02:00 [Information] Executing endpoint '"MyShop.Controllers.ItemController.Create (MyShop)"'
2023-09-15 12:08:57.593 +02:00 [Information] Route matched with "{action = \"Create\", controller = \"Item\"}". Executing controller action with signature "Microsoft.AspNetCore.Mvc.IActionResult Create()" on controller "MyShop.Controllers.ItemController" ("MyShop").
2023-09-15 12:08:57.655 +02:00 [Information] Executing ViewResult, running view "Create".
2023-09-15 12:08:57.682 +02:00 [Information] Executed ViewResult - view "Create" executed in 26.8652ms.
2023-09-15 12:08:57.682 +02:00 [Information] Executed action "MyShop.Controllers.ItemController.Create (MyShop)" in 88.7014ms
2023-09-15 12:08:57.682 +02:00 [Information] Executed endpoint '"MyShop.Controllers.ItemController.Create (MyShop)"'
2023-09-15 12:08:57.682 +02:00 [Information] Request finished HTTP/1.1 GET https://localhost:7250/Item/Create - - - 200 - text/html;+charset=utf-8 93.7352ms
2023-09-15 12:08:57.688 +02:00 [Information] Request starting HTTP/1.1 GET https://localhost:7250/lib/jquery-validation-unobtrusive/jquery.validate.unobtrusive.js - -
2023-09-15 12:08:57.689 +02:00 [Information] The file "/lib/jquery-validation-unobtrusive/jquery.validate.unobtrusive.js" was not modified
2023-09-15 12:08:57.689 +02:00 [Information] Request finished HTTP/1.1 GET https://localhost:7250/lib/jquery-validation-unobtrusive/jquery.validate.unobtrusive.js - - - 304 - text/javascript 0.4615ms
2023-09-15 12:08:59.724 +02:00 [Information] Request starting HTTP/1.1 POST https://localhost:7250/Item/Create application/x-www-form-urlencoded 218
2023-09-15 12:08:59.724 +02:00 [Information] Executing endpoint '"MyShop.Controllers.ItemController.Create (MyShop)"'
2023-09-15 12:08:59.747 +02:00 [Information] Route matched with "{action = \"Create\", controller = \"Item\"}". Executing controller action with signature "System.Threading.Tasks.Task`1[Microsoft.AspNetCore.Mvc.IActionResult] Create(MyShop.Models.Item)" on controller "MyShop.Controllers.ItemController" ("MyShop").
2023-09-15 12:08:59.778 +02:00 [Warning] [ItemController] Item creation failed Item { ItemId: 0, Name: null, Price: 0, Description: null, ImageUrl: null, OrderItems: null }
2023-09-15 12:08:59.779 +02:00 [Information] Executing ViewResult, running view "Create".
2023-09-15 12:08:59.782 +02:00 [Information] Executed ViewResult - view "Create" executed in 3.175ms.
2023-09-15 12:08:59.782 +02:00 [Information] Executed action "MyShop.Controllers.ItemController.Create (MyShop)" in 35.176ms
2023-09-15 12:08:59.782 +02:00 [Information] Executed endpoint '"MyShop.Controllers.ItemController.Create (MyShop)"'
2023-09-15 12:08:59.782 +02:00 [Information] Request finished HTTP/1.1 POST https://localhost:7250/Item/Create application/x-www-form-urlencoded 218 - 200 - text/html;+charset=utf-8 58.5416ms
2023-09-15 12:08:59.792 +02:00 [Information] Request starting HTTP/1.1 GET https://localhost:7250/lib/jquery-validation-unobtrusive/jquery.validate.unobtrusive.js - -
2023-09-15 12:08:59.792 +02:00 [Information] The file "/lib/jquery-validation-unobtrusive/jquery.validate.unobtrusive.js" was not modified
2023-09-15 12:08:59.792 +02:00 [Information] Request finished HTTP/1.1 GET https://localhost:7250/lib/jquery-validation-unobtrusive/jquery.validate.unobtrusive.js - - - 304 - text/javascript 0.5657ms
2023-09-15 12:09:10.362 +02:00 [Information] Request starting HTTP/1.1 GET https://localhost:7250/Item/Create - -
2023-09-15 12:09:10.362 +02:00 [Information] Executing endpoint '"MyShop.Controllers.ItemController.Create (MyShop)"'
2023-09-15 12:09:10.362 +02:00 [Information] Route matched with "{action = \"Create\", controller = \"Item\"}". Executing controller action with signature "Microsoft.AspNetCore.Mvc.IActionResult Create()" on controller "MyShop.Controllers.ItemController" ("MyShop").
2023-09-15 12:09:10.365 +02:00 [Information] Executing ViewResult, running view "Create".
2023-09-15 12:09:10.368 +02:00 [Information] Executed ViewResult - view "Create" executed in 2.7716ms.
2023-09-15 12:09:10.368 +02:00 [Information] Executed action "MyShop.Controllers.ItemController.Create (MyShop)" in 5.8971ms
2023-09-15 12:09:10.368 +02:00 [Information] Executed endpoint '"MyShop.Controllers.ItemController.Create (MyShop)"'
2023-09-15 12:09:10.368 +02:00 [Information] Request finished HTTP/1.1 GET https://localhost:7250/Item/Create - - - 200 - text/html;+charset=utf-8 6.6986ms
