2023-09-15 11:41:38.140 +02:00 [Information] User profile is available. Using '"/Users/haddelalshahabi/.aspnet/DataProtection-Keys"' as key repository; keys will not be encrypted at rest.
2023-09-15 11:41:38.324 +02:00 [Information] Now listening on: "https://localhost:7250"
2023-09-15 11:41:38.324 +02:00 [Information] Now listening on: "http://localhost:5022"
2023-09-15 11:41:38.326 +02:00 [Information] Application started. Press Ctrl+C to shut down.
2023-09-15 11:41:38.327 +02:00 [Information] Hosting environment: "Development"
2023-09-15 11:41:38.327 +02:00 [Information] Content root path: "/Users/haddelalshahabi/WebapplikasjonerProjects/MyShop/MyShop"
2023-09-15 11:41:39.505 +02:00 [Information] Request starting HTTP/1.1 GET https://localhost:7250/ - -
2023-09-15 11:41:39.524 +02:00 [Information] Executing endpoint '"MyShop.Controllers.HomeController.Index (MyShop)"'
2023-09-15 11:41:39.530 +02:00 [Information] Route matched with "{action = \"Index\", controller = \"Home\"}". Executing controller action with signature "Microsoft.AspNetCore.Mvc.IActionResult Index()" on controller "MyShop.Controllers.HomeController" ("MyShop").
2023-09-15 11:41:39.534 +02:00 [Information] Executing ViewResult, running view "Index".
2023-09-15 11:41:39.568 +02:00 [Information] Executed ViewResult - view "Index" executed in 34.243ms.
2023-09-15 11:41:39.569 +02:00 [Information] Executed action "MyShop.Controllers.HomeController.Index (MyShop)" in 38.4167ms
2023-09-15 11:41:39.569 +02:00 [Information] Executed endpoint '"MyShop.Controllers.HomeController.Index (MyShop)"'
2023-09-15 11:41:39.571 +02:00 [Information] Request finished HTTP/1.1 GET https://localhost:7250/ - - - 200 - text/html;+charset=utf-8 66.2394ms
2023-09-15 11:41:42.027 +02:00 [Information] Request starting HTTP/1.1 GET https://localhost:7250/Item/Table - -
2023-09-15 11:41:42.030 +02:00 [Information] Executing endpoint '"MyShop.Controllers.ItemController.Table (MyShop)"'
2023-09-15 11:41:42.038 +02:00 [Information] Route matched with "{action = \"Table\", controller = \"Item\"}". Executing controller action with signature "System.Threading.Tasks.Task`1[Microsoft.AspNetCore.Mvc.IActionResult] Table()" on controller "MyShop.Controllers.ItemController" ("MyShop").
2023-09-15 11:41:42.098 +02:00 [Information] Executing ViewResult, running view "Table".
2023-09-15 11:41:42.106 +02:00 [Information] Executed ViewResult - view "Table" executed in 8.3397ms.
2023-09-15 11:41:42.106 +02:00 [Information] Executed action "MyShop.Controllers.ItemController.Table (MyShop)" in 67.747ms
2023-09-15 11:41:42.106 +02:00 [Information] Executed endpoint '"MyShop.Controllers.ItemController.Table (MyShop)"'
2023-09-15 11:41:42.108 +02:00 [Information] Request finished HTTP/1.1 GET https://localhost:7250/Item/Table - - - 200 - text/html;+charset=utf-8 80.5868ms
2023-09-15 11:41:43.905 +02:00 [Information] Request starting HTTP/1.1 GET https://localhost:7250/Item/Create - -
2023-09-15 11:41:43.909 +02:00 [Information] Executing endpoint '"MyShop.Controllers.ItemController.Create (MyShop)"'
2023-09-15 11:41:43.910 +02:00 [Information] Route matched with "{action = \"Create\", controller = \"Item\"}". Executing controller action with signature "Microsoft.AspNetCore.Mvc.IActionResult Create()" on controller "MyShop.Controllers.ItemController" ("MyShop").
2023-09-15 11:41:43.966 +02:00 [Information] Executing ViewResult, running view "Create".
2023-09-15 11:41:43.994 +02:00 [Information] Executed ViewResult - view "Create" executed in 28.0748ms.
2023-09-15 11:41:43.994 +02:00 [Information] Executed action "MyShop.Controllers.ItemController.Create (MyShop)" in 83.9697ms
2023-09-15 11:41:43.994 +02:00 [Information] Executed endpoint '"MyShop.Controllers.ItemController.Create (MyShop)"'
2023-09-15 11:41:43.994 +02:00 [Information] Request finished HTTP/1.1 GET https://localhost:7250/Item/Create - - - 200 - text/html;+charset=utf-8 89.7500ms
2023-09-15 11:41:45.019 +02:00 [Information] Request starting HTTP/1.1 POST https://localhost:7250/Item/Create application/x-www-form-urlencoded 218
2023-09-15 11:41:45.020 +02:00 [Information] Executing endpoint '"MyShop.Controllers.ItemController.Create (MyShop)"'
2023-09-15 11:41:45.043 +02:00 [Information] Route matched with "{action = \"Create\", controller = \"Item\"}". Executing controller action with signature "System.Threading.Tasks.Task`1[Microsoft.AspNetCore.Mvc.IActionResult] Create(MyShop.Models.Item)" on controller "MyShop.Controllers.ItemController" ("MyShop").
2023-09-15 11:41:45.074 +02:00 [Warning] [ItemController] Item creation failed Item { ItemId: 0, Name: null, Price: 0, Description: null, ImageUrl: null, OrderItems: null }
2023-09-15 11:41:45.075 +02:00 [Information] Executing ViewResult, running view "Create".
2023-09-15 11:41:45.078 +02:00 [Information] Executed ViewResult - view "Create" executed in 3.284ms.
2023-09-15 11:41:45.078 +02:00 [Information] Executed action "MyShop.Controllers.ItemController.Create (MyShop)" in 35.3727ms
2023-09-15 11:41:45.078 +02:00 [Information] Executed endpoint '"MyShop.Controllers.ItemController.Create (MyShop)"'
2023-09-15 11:41:45.079 +02:00 [Information] Request finished HTTP/1.1 POST https://localhost:7250/Item/Create application/x-www-form-urlencoded 218 - 200 - text/html;+charset=utf-8 59.2434ms
2023-09-15 11:41:53.035 +02:00 [Information] Request starting HTTP/1.1 POST https://localhost:7250/Item/Create application/x-www-form-urlencoded 227
2023-09-15 11:41:53.036 +02:00 [Information] Executing endpoint '"MyShop.Controllers.ItemController.Create (MyShop)"'
2023-09-15 11:41:53.036 +02:00 [Information] Route matched with "{action = \"Create\", controller = \"Item\"}". Executing controller action with signature "System.Threading.Tasks.Task`1[Microsoft.AspNetCore.Mvc.IActionResult] Create(MyShop.Models.Item)" on controller "MyShop.Controllers.ItemController" ("MyShop").
2023-09-15 11:41:53.043 +02:00 [Warning] [ItemController] Item creation failed Item { ItemId: 0, Name: null, Price: 0, Description: "mmmmmmmmm", ImageUrl: null, OrderItems: null }
2023-09-15 11:41:53.044 +02:00 [Information] Executing ViewResult, running view "Create".
2023-09-15 11:41:53.046 +02:00 [Information] Executed ViewResult - view "Create" executed in 2.2376ms.
2023-09-15 11:41:53.046 +02:00 [Information] Executed action "MyShop.Controllers.ItemController.Create (MyShop)" in 10.1851ms
2023-09-15 11:41:53.046 +02:00 [Information] Executed endpoint '"MyShop.Controllers.ItemController.Create (MyShop)"'
2023-09-15 11:41:53.046 +02:00 [Information] Request finished HTTP/1.1 POST https://localhost:7250/Item/Create application/x-www-form-urlencoded 227 - 200 - text/html;+charset=utf-8 11.0241ms
2023-09-15 11:41:53.719 +02:00 [Information] Request starting HTTP/1.1 POST https://localhost:7250/Item/Create application/x-www-form-urlencoded 227
2023-09-15 11:41:53.719 +02:00 [Information] Executing endpoint '"MyShop.Controllers.ItemController.Create (MyShop)"'
2023-09-15 11:41:53.719 +02:00 [Information] Route matched with "{action = \"Create\", controller = \"Item\"}". Executing controller action with signature "System.Threading.Tasks.Task`1[Microsoft.AspNetCore.Mvc.IActionResult] Create(MyShop.Models.Item)" on controller "MyShop.Controllers.ItemController" ("MyShop").
2023-09-15 11:41:53.725 +02:00 [Warning] [ItemController] Item creation failed Item { ItemId: 0, Name: null, Price: 0, Description: "mmmmmmmmm", ImageUrl: null, OrderItems: null }
2023-09-15 11:41:53.725 +02:00 [Information] Executing ViewResult, running view "Create".
2023-09-15 11:41:53.727 +02:00 [Information] Executed ViewResult - view "Create" executed in 1.5551ms.
2023-09-15 11:41:53.727 +02:00 [Information] Executed action "MyShop.Controllers.ItemController.Create (MyShop)" in 7.7475ms
2023-09-15 11:41:53.727 +02:00 [Information] Executed endpoint '"MyShop.Controllers.ItemController.Create (MyShop)"'
2023-09-15 11:41:53.727 +02:00 [Information] Request finished HTTP/1.1 POST https://localhost:7250/Item/Create application/x-www-form-urlencoded 227 - 200 - text/html;+charset=utf-8 8.3941ms
2023-09-15 11:42:14.601 +02:00 [Information] Request starting HTTP/1.1 POST https://localhost:7250/Item/Create application/x-www-form-urlencoded 295
2023-09-15 11:42:14.601 +02:00 [Information] Executing endpoint '"MyShop.Controllers.ItemController.Create (MyShop)"'
2023-09-15 11:42:14.601 +02:00 [Information] Route matched with "{action = \"Create\", controller = \"Item\"}". Executing controller action with signature "System.Threading.Tasks.Task`1[Microsoft.AspNetCore.Mvc.IActionResult] Create(MyShop.Models.Item)" on controller "MyShop.Controllers.ItemController" ("MyShop").
2023-09-15 11:42:14.608 +02:00 [Warning] [ItemController] Item creation failed Item { ItemId: 0, Name: null, Price: 0, Description: "Generell informasjon om hva programmet gjør. Dette er ofte ikke kritisk ", ImageUrl: null, OrderItems: null }
2023-09-15 11:42:14.609 +02:00 [Information] Executing ViewResult, running view "Create".
2023-09-15 11:42:14.610 +02:00 [Information] Executed ViewResult - view "Create" executed in 1.4924ms.
2023-09-15 11:42:14.610 +02:00 [Information] Executed action "MyShop.Controllers.ItemController.Create (MyShop)" in 8.8369ms
2023-09-15 11:42:14.610 +02:00 [Information] Executed endpoint '"MyShop.Controllers.ItemController.Create (MyShop)"'
2023-09-15 11:42:14.610 +02:00 [Information] Request finished HTTP/1.1 POST https://localhost:7250/Item/Create application/x-www-form-urlencoded 295 - 200 - text/html;+charset=utf-8 9.7392ms
2023-09-15 11:42:21.683 +02:00 [Information] Request starting HTTP/1.1 POST https://localhost:7250/Item/Create application/x-www-form-urlencoded 302
2023-09-15 11:42:21.683 +02:00 [Information] Executing endpoint '"MyShop.Controllers.ItemController.Create (MyShop)"'
2023-09-15 11:42:21.684 +02:00 [Information] Route matched with "{action = \"Create\", controller = \"Item\"}". Executing controller action with signature "System.Threading.Tasks.Task`1[Microsoft.AspNetCore.Mvc.IActionResult] Create(MyShop.Models.Item)" on controller "MyShop.Controllers.ItemController" ("MyShop").
2023-09-15 11:42:21.692 +02:00 [Warning] [ItemController] Item creation failed Item { ItemId: 0, Name: "##", Price: 0, Description: "Generell informasjon om hva programmet gjør. Dette er ofte ikke kritisk ", ImageUrl: null, OrderItems: null }
2023-09-15 11:42:21.692 +02:00 [Information] Executing ViewResult, running view "Create".
2023-09-15 11:42:21.694 +02:00 [Information] Executed ViewResult - view "Create" executed in 1.7565ms.
2023-09-15 11:42:21.694 +02:00 [Information] Executed action "MyShop.Controllers.ItemController.Create (MyShop)" in 10.1872ms
2023-09-15 11:42:21.694 +02:00 [Information] Executed endpoint '"MyShop.Controllers.ItemController.Create (MyShop)"'
2023-09-15 11:42:21.694 +02:00 [Information] Request finished HTTP/1.1 POST https://localhost:7250/Item/Create application/x-www-form-urlencoded 302 - 200 - text/html;+charset=utf-8 10.7792ms
2023-09-15 11:42:34.219 +02:00 [Information] Request starting HTTP/1.1 POST https://localhost:7250/Item/Create application/x-www-form-urlencoded 323
2023-09-15 11:42:34.221 +02:00 [Information] Executing endpoint '"MyShop.Controllers.ItemController.Create (MyShop)"'
2023-09-15 11:42:34.221 +02:00 [Information] Route matched with "{action = \"Create\", controller = \"Item\"}". Executing controller action with signature "System.Threading.Tasks.Task`1[Microsoft.AspNetCore.Mvc.IActionResult] Create(MyShop.Models.Item)" on controller "MyShop.Controllers.ItemController" ("MyShop").
2023-09-15 11:42:34.227 +02:00 [Warning] [ItemController] Item creation failed Item { ItemId: 0, Name: "##", Price: 0, Description: "Generell informasjon om hva programmet gjør. Dette er ofte ikke kritisk jjjjjjjjjjjjjjjjjjjjj", ImageUrl: null, OrderItems: null }
2023-09-15 11:42:34.227 +02:00 [Information] Executing ViewResult, running view "Create".
2023-09-15 11:42:34.228 +02:00 [Information] Executed ViewResult - view "Create" executed in 1.534ms.
2023-09-15 11:42:34.229 +02:00 [Information] Executed action "MyShop.Controllers.ItemController.Create (MyShop)" in 7.6305ms
2023-09-15 11:42:34.229 +02:00 [Information] Executed endpoint '"MyShop.Controllers.ItemController.Create (MyShop)"'
2023-09-15 11:42:34.229 +02:00 [Information] Request finished HTTP/1.1 POST https://localhost:7250/Item/Create application/x-www-form-urlencoded 323 - 200 - text/html;+charset=utf-8 10.7329ms
2023-09-15 11:42:34.801 +02:00 [Information] Request starting HTTP/1.1 POST https://localhost:7250/Item/Create application/x-www-form-urlencoded 323
2023-09-15 11:42:34.801 +02:00 [Information] Executing endpoint '"MyShop.Controllers.ItemController.Create (MyShop)"'
2023-09-15 11:42:34.802 +02:00 [Information] Route matched with "{action = \"Create\", controller = \"Item\"}". Executing controller action with signature "System.Threading.Tasks.Task`1[Microsoft.AspNetCore.Mvc.IActionResult] Create(MyShop.Models.Item)" on controller "MyShop.Controllers.ItemController" ("MyShop").
2023-09-15 11:42:34.809 +02:00 [Warning] [ItemController] Item creation failed Item { ItemId: 0, Name: "##", Price: 0, Description: "Generell informasjon om hva programmet gjør. Dette er ofte ikke kritisk jjjjjjjjjjjjjjjjjjjjj", ImageUrl: null, OrderItems: null }
2023-09-15 11:42:34.809 +02:00 [Information] Executing ViewResult, running view "Create".
2023-09-15 11:42:34.811 +02:00 [Information] Executed ViewResult - view "Create" executed in 1.649ms.
2023-09-15 11:42:34.811 +02:00 [Information] Executed action "MyShop.Controllers.ItemController.Create (MyShop)" in 9.1138ms
2023-09-15 11:42:34.811 +02:00 [Information] Executed endpoint '"MyShop.Controllers.ItemController.Create (MyShop)"'
2023-09-15 11:42:34.811 +02:00 [Information] Request finished HTTP/1.1 POST https://localhost:7250/Item/Create application/x-www-form-urlencoded 323 - 200 - text/html;+charset=utf-8 9.8134ms
