2023-09-16 20:16:36.879 +02:00 [Information] User profile is available. Using '"/Users/haddelalshahabi/.aspnet/DataProtection-Keys"' as key repository; keys will not be encrypted at rest.
2023-09-16 20:16:37.096 +02:00 [Information] Now listening on: "https://localhost:7250"
2023-09-16 20:16:37.097 +02:00 [Information] Now listening on: "http://localhost:5022"
2023-09-16 20:16:37.099 +02:00 [Information] Application started. Press Ctrl+C to shut down.
2023-09-16 20:16:37.100 +02:00 [Information] Hosting environment: "Development"
2023-09-16 20:16:37.100 +02:00 [Information] Content root path: "/Users/haddelalshahabi/WebapplikasjonerProjects/MyShop/MyShop"
2023-09-16 20:16:38.378 +02:00 [Information] Request starting HTTP/1.1 GET https://localhost:7250/ - -
2023-09-16 20:16:38.417 +02:00 [Information] Executing endpoint '"MyShop.Controllers.HomeController.Index (MyShop)"'
2023-09-16 20:16:38.420 +02:00 [Information] Route matched with "{action = \"Index\", controller = \"Home\", page = \"\", area = \"\"}". Executing controller action with signature "Microsoft.AspNetCore.Mvc.IActionResult Index()" on controller "MyShop.Controllers.HomeController" ("MyShop").
2023-09-16 20:16:38.426 +02:00 [Information] Executing ViewResult, running view "Index".
2023-09-16 20:16:38.482 +02:00 [Information] Executed ViewResult - view "Index" executed in 57.89ms.
2023-09-16 20:16:38.483 +02:00 [Information] Executed action "MyShop.Controllers.HomeController.Index (MyShop)" in 62.7809ms
2023-09-16 20:16:38.484 +02:00 [Information] Executed endpoint '"MyShop.Controllers.HomeController.Index (MyShop)"'
2023-09-16 20:16:38.491 +02:00 [Information] Request finished HTTP/1.1 GET https://localhost:7250/ - - - 200 - text/html;+charset=utf-8 112.9645ms
2023-09-16 20:16:43.192 +02:00 [Information] Request starting HTTP/1.1 GET https://localhost:7250/Item/Table - -
2023-09-16 20:16:43.198 +02:00 [Information] Executing endpoint '"MyShop.Controllers.ItemController.Table (MyShop)"'
2023-09-16 20:16:43.204 +02:00 [Information] Route matched with "{action = \"Table\", controller = \"Item\", page = \"\", area = \"\"}". Executing controller action with signature "System.Threading.Tasks.Task`1[Microsoft.AspNetCore.Mvc.IActionResult] Table()" on controller "MyShop.Controllers.ItemController" ("MyShop").
2023-09-16 20:16:43.240 +02:00 [Information] Executing ViewResult, running view "Table".
2023-09-16 20:16:43.249 +02:00 [Information] Executed ViewResult - view "Table" executed in 8.8707ms.
2023-09-16 20:16:43.249 +02:00 [Information] Executed action "MyShop.Controllers.ItemController.Table (MyShop)" in 44.2039ms
2023-09-16 20:16:43.249 +02:00 [Information] Executed endpoint '"MyShop.Controllers.ItemController.Table (MyShop)"'
2023-09-16 20:16:43.251 +02:00 [Information] Request finished HTTP/1.1 GET https://localhost:7250/Item/Table - - - 200 - text/html;+charset=utf-8 59.1321ms
2023-09-16 20:16:43.262 +02:00 [Information] Request starting HTTP/1.1 GET https://localhost:7250/images/frenchfries.jpg - -
2023-09-16 20:16:43.264 +02:00 [Information] Request starting HTTP/1.1 GET https://localhost:7250/images/ribs.jpg - -
2023-09-16 20:16:43.448 +02:00 [Information] Request starting HTTP/1.1 GET https://localhost:7250/images/cider.jpg - -
2023-09-16 20:16:43.449 +02:00 [Information] The file "/images/frenchfries.jpg" was not modified
2023-09-16 20:16:43.449 +02:00 [Information] The file "/images/cider.jpg" was not modified
2023-09-16 20:16:43.450 +02:00 [Information] Request starting HTTP/1.1 GET https://localhost:7250/images/coke.jpg - -
2023-09-16 20:16:43.450 +02:00 [Information] The file "/images/coke.jpg" was not modified
2023-09-16 20:16:43.450 +02:00 [Information] Request finished HTTP/1.1 GET https://localhost:7250/images/frenchfries.jpg - - - 304 - image/jpeg 188.1367ms
2023-09-16 20:16:43.450 +02:00 [Information] Request finished HTTP/1.1 GET https://localhost:7250/images/cider.jpg - - - 304 - image/jpeg 2.4056ms
2023-09-16 20:16:43.450 +02:00 [Information] Request finished HTTP/1.1 GET https://localhost:7250/images/coke.jpg - - - 304 - image/jpeg 0.5682ms
2023-09-16 20:16:43.460 +02:00 [Information] Sending file. Request path: '"/images/ribs.jpg"'. Physical path: '"/Users/haddelalshahabi/WebapplikasjonerProjects/MyShop/MyShop/wwwroot/images/ribs.jpg"'
2023-09-16 20:16:43.461 +02:00 [Information] Request finished HTTP/1.1 GET https://localhost:7250/images/ribs.jpg - - - 200 141554 image/jpeg 197.1096ms
2023-09-16 20:16:48.051 +02:00 [Information] Request starting HTTP/1.1 GET https://localhost:7250/Item/Update/1 - -
2023-09-16 20:16:48.070 +02:00 [Information] Executing endpoint '"MyShop.Controllers.ItemController.Update (MyShop)"'
2023-09-16 20:16:48.078 +02:00 [Information] Route matched with "{action = \"Update\", controller = \"Item\", page = \"\", area = \"\"}". Executing controller action with signature "System.Threading.Tasks.Task`1[Microsoft.AspNetCore.Mvc.IActionResult] Update(Int32)" on controller "MyShop.Controllers.ItemController" ("MyShop").
2023-09-16 20:16:48.124 +02:00 [Information] Executing ViewResult, running view "Update".
2023-09-16 20:16:48.145 +02:00 [Information] Executed ViewResult - view "Update" executed in 21.8046ms.
2023-09-16 20:16:48.145 +02:00 [Information] Executed action "MyShop.Controllers.ItemController.Update (MyShop)" in 67.5175ms
2023-09-16 20:16:48.145 +02:00 [Information] Executed endpoint '"MyShop.Controllers.ItemController.Update (MyShop)"'
2023-09-16 20:16:48.146 +02:00 [Information] Request finished HTTP/1.1 GET https://localhost:7250/Item/Update/1 - - - 200 - text/html;+charset=utf-8 95.1379ms
2023-09-16 20:16:57.185 +02:00 [Information] Request starting HTTP/1.1 POST https://localhost:7250/Item/Update/1 application/x-www-form-urlencoded 402
2023-09-16 20:16:57.188 +02:00 [Information] Executing endpoint '"MyShop.Controllers.ItemController.Update (MyShop)"'
2023-09-16 20:16:57.198 +02:00 [Information] Route matched with "{action = \"Update\", controller = \"Item\", page = \"\", area = \"\"}". Executing controller action with signature "System.Threading.Tasks.Task`1[Microsoft.AspNetCore.Mvc.IActionResult] Update(MyShop.Models.Item)" on controller "MyShop.Controllers.ItemController" ("MyShop").
2023-09-16 20:16:57.255 +02:00 [Information] Executing RedirectResult, redirecting to "/Item/Table".
2023-09-16 20:16:57.255 +02:00 [Information] Executed action "MyShop.Controllers.ItemController.Update (MyShop)" in 56.0778ms
2023-09-16 20:16:57.255 +02:00 [Information] Executed endpoint '"MyShop.Controllers.ItemController.Update (MyShop)"'
2023-09-16 20:16:57.255 +02:00 [Information] Request finished HTTP/1.1 POST https://localhost:7250/Item/Update/1 application/x-www-form-urlencoded 402 - 302 0 - 69.7151ms
2023-09-16 20:16:57.256 +02:00 [Information] Request starting HTTP/1.1 GET https://localhost:7250/Item/Table - -
2023-09-16 20:16:57.257 +02:00 [Information] Executing endpoint '"MyShop.Controllers.ItemController.Table (MyShop)"'
2023-09-16 20:16:57.257 +02:00 [Information] Route matched with "{action = \"Table\", controller = \"Item\", page = \"\", area = \"\"}". Executing controller action with signature "System.Threading.Tasks.Task`1[Microsoft.AspNetCore.Mvc.IActionResult] Table()" on controller "MyShop.Controllers.ItemController" ("MyShop").
2023-09-16 20:16:57.259 +02:00 [Information] Executing ViewResult, running view "Table".
2023-09-16 20:16:57.260 +02:00 [Information] Executed ViewResult - view "Table" executed in 1.2977ms.
2023-09-16 20:16:57.260 +02:00 [Information] Executed action "MyShop.Controllers.ItemController.Table (MyShop)" in 3.1927ms
2023-09-16 20:16:57.260 +02:00 [Information] Executed endpoint '"MyShop.Controllers.ItemController.Table (MyShop)"'
2023-09-16 20:16:57.260 +02:00 [Information] Request finished HTTP/1.1 GET https://localhost:7250/Item/Table - - - 200 - text/html;+charset=utf-8 3.9920ms
